<?xml version="1.0" encoding="UTF-8"?>
<testng-results skipped="0" failed="1" ignored="0" total="2" passed="1">
  <reporter-output>
  </reporter-output>
  <suite name="FullRegressionTest" duration-ms="76936" started-at="2022-02-01T11:01:42 IST" finished-at="2022-02-01T11:02:59 IST">
    <groups>
    </groups>
    <test name="Test-Runner-1" duration-ms="76936" started-at="2022-02-01T11:01:42 IST" finished-at="2022-02-01T11:02:59 IST">
      <class name="TcreenShot.ScreenShotTest">
        <test-method status="PASS" signature="configBS()[pri:0, instance:TcreenShot.ScreenShotTest@4923ab24]" name="configBS" is-config="true" duration-ms="16" started-at="2022-02-01T11:01:42 IST" finished-at="2022-02-01T11:01:42 IST">
          <reporter-output>
          </reporter-output>
        </test-method> <!-- configBS -->
        <test-method status="PASS" signature="configBC()[pri:0, instance:TcreenShot.ScreenShotTest@4923ab24]" name="configBC" is-config="true" duration-ms="8961" started-at="2022-02-01T11:01:44 IST" finished-at="2022-02-01T11:01:53 IST">
          <reporter-output>
          </reporter-output>
        </test-method> <!-- configBC -->
        <test-method status="PASS" signature="configBM()[pri:0, instance:TcreenShot.ScreenShotTest@4923ab24]" name="configBM" is-config="true" duration-ms="6853" started-at="2022-02-01T11:01:53 IST" finished-at="2022-02-01T11:01:59 IST">
          <reporter-output>
          </reporter-output>
        </test-method> <!-- configBM -->
        <test-method status="PASS" signature="CreateContactWithOrgTest()[pri:0, instance:TcreenShot.ScreenShotTest@4923ab24]" name="CreateContactWithOrgTest" duration-ms="36807" started-at="2022-02-01T11:01:59 IST" finished-at="2022-02-01T11:02:36 IST">
          <reporter-output>
          </reporter-output>
        </test-method> <!-- CreateContactWithOrgTest -->
        <test-method status="PASS" signature="configAM()[pri:0, instance:TcreenShot.ScreenShotTest@4923ab24]" name="configAM" is-config="true" duration-ms="2950" started-at="2022-02-01T11:02:36 IST" finished-at="2022-02-01T11:02:39 IST">
          <reporter-output>
          </reporter-output>
        </test-method> <!-- configAM -->
        <test-method status="PASS" signature="configBM()[pri:0, instance:TcreenShot.ScreenShotTest@4923ab24]" name="configBM" is-config="true" duration-ms="4634" started-at="2022-02-01T11:02:39 IST" finished-at="2022-02-01T11:02:44 IST">
          <reporter-output>
          </reporter-output>
        </test-method> <!-- configBM -->
        <test-method status="FAIL" signature="contactTest()[pri:0, instance:TcreenShot.ScreenShotTest@4923ab24]" name="contactTest" duration-ms="5980" started-at="2022-02-01T11:02:44 IST" finished-at="2022-02-01T11:02:50 IST">
          <exception class="java.lang.AssertionError">
            <message>
              <![CDATA[expected [B] but found [A]]]>
            </message>
            <full-stacktrace>
              <![CDATA[java.lang.AssertionError: expected [B] but found [A]
at org.testng.Assert.fail(Assert.java:99)
at org.testng.Assert.failNotEquals(Assert.java:1037)
at org.testng.Assert.assertEqualsImpl(Assert.java:140)
at org.testng.Assert.assertEquals(Assert.java:122)
at org.testng.Assert.assertEquals(Assert.java:629)
at org.testng.Assert.assertEquals(Assert.java:639)
at TcreenShot.ScreenShotTest.contactTest(ScreenShotTest.java:25)
at sun.reflect.NativeMethodAccessorImpl.invoke0(Native Method)
at sun.reflect.NativeMethodAccessorImpl.invoke(Unknown Source)
at sun.reflect.DelegatingMethodAccessorImpl.invoke(Unknown Source)
at java.lang.reflect.Method.invoke(Unknown Source)
at org.testng.internal.MethodInvocationHelper.invokeMethod(MethodInvocationHelper.java:133)
at org.testng.internal.TestInvoker.invokeMethod(TestInvoker.java:598)
at org.testng.internal.TestInvoker.invokeTestMethod(TestInvoker.java:173)
at org.testng.internal.MethodRunner.runInSequence(MethodRunner.java:46)
at org.testng.internal.TestInvoker$MethodInvocationAgent.invoke(TestInvoker.java:824)
at org.testng.internal.TestInvoker.invokeTestMethods(TestInvoker.java:146)
at org.testng.internal.TestMethodWorker.invokeTestMethods(TestMethodWorker.java:146)
at org.testng.internal.TestMethodWorker.run(TestMethodWorker.java:128)
at java.util.ArrayList.forEach(Unknown Source)
at org.testng.TestRunner.privateRun(TestRunner.java:794)
at org.testng.TestRunner.run(TestRunner.java:596)
at org.testng.SuiteRunner.runTest(SuiteRunner.java:377)
at org.testng.SuiteRunner.runSequentially(SuiteRunner.java:371)
at org.testng.SuiteRunner.privateRun(SuiteRunner.java:332)
at org.testng.SuiteRunner.run(SuiteRunner.java:276)
at org.testng.SuiteRunnerWorker.runSuite(SuiteRunnerWorker.java:53)
at org.testng.SuiteRunnerWorker.run(SuiteRunnerWorker.java:96)
at org.testng.TestNG.runSuitesSequentially(TestNG.java:1212)
at org.testng.TestNG.runSuitesLocally(TestNG.java:1134)
at org.testng.TestNG.runSuites(TestNG.java:1063)
at org.testng.TestNG.run(TestNG.java:1031)
at org.testng.remote.AbstractRemoteTestNG.run(AbstractRemoteTestNG.java:115)
at org.testng.remote.RemoteTestNG.initAndRun(RemoteTestNG.java:251)
at org.testng.remote.RemoteTestNG.main(RemoteTestNG.java:77)
]]>
            </full-stacktrace>
          </exception> <!-- java.lang.AssertionError -->
          <reporter-output>
          </reporter-output>
        </test-method> <!-- contactTest -->
        <test-method status="PASS" signature="configAM()[pri:0, instance:TcreenShot.ScreenShotTest@4923ab24]" name="configAM" is-config="true" duration-ms="7440" started-at="2022-02-01T11:02:51 IST" finished-at="2022-02-01T11:02:58 IST">
          <reporter-output>
          </reporter-output>
        </test-method> <!-- configAM -->
        <test-method status="PASS" signature="configAC()[pri:0, instance:TcreenShot.ScreenShotTest@4923ab24]" name="configAC" is-config="true" duration-ms="886" started-at="2022-02-01T11:02:58 IST" finished-at="2022-02-01T11:02:59 IST">
          <reporter-output>
          </reporter-output>
        </test-method> <!-- configAC -->
        <test-method status="PASS" signature="configAS()[pri:0, instance:TcreenShot.ScreenShotTest@4923ab24]" name="configAS" is-config="true" duration-ms="1" started-at="2022-02-01T11:03:00 IST" finished-at="2022-02-01T11:03:00 IST">
          <reporter-output>
          </reporter-output>
        </test-method> <!-- configAS -->
      </class> <!-- TcreenShot.ScreenShotTest -->
    </test> <!-- Test-Runner-1 -->
  </suite> <!-- FullRegressionTest -->
</testng-results>
